  GL_support.cpp
e:\workplace\3dsurround\visual studio\mixproject\mixproject\gl_support.cpp(104): warning C4244: “初始化”: 从“double”转换到“GLint”，可能丢失数据
e:\workplace\3dsurround\visual studio\mixproject\mixproject\gl_support.cpp(105): warning C4244: “初始化”: 从“double”转换到“GLint”，可能丢失数据
e:\workplace\3dsurround\visual studio\mixproject\mixproject\gl_support.cpp(146): warning C4244: “+=”: 从“double”转换到“GLfloat”，可能丢失数据
e:\workplace\3dsurround\visual studio\mixproject\mixproject\gl_support.cpp(147): warning C4244: “+=”: 从“double”转换到“GLfloat”，可能丢失数据
e:\workplace\3dsurround\visual studio\mixproject\mixproject\gl_support.cpp(161): warning C4244: “-=”: 从“double”转换到“GLfloat”，可能丢失数据
e:\workplace\3dsurround\visual studio\mixproject\mixproject\gl_support.cpp(168): warning C4244: “return”: 从“double”转换到“GLfloat”，可能丢失数据
e:\workplace\3dsurround\visual studio\mixproject\mixproject\gl_support.cpp(319): warning C4244: “参数”: 从“int”转换到“GLfloat”，可能丢失数据
e:\workplace\3dsurround\visual studio\mixproject\mixproject\gl_support.cpp(322): warning C4244: “=”: 从“int”转换到“GLfloat”，可能丢失数据
e:\workplace\3dsurround\visual studio\mixproject\mixproject\gl_support.cpp(324): warning C4244: “=”: 从“GLint”转换到“GLfloat”，可能丢失数据
e:\workplace\3dsurround\visual studio\mixproject\mixproject\gl_support.cpp(329): warning C4244: “参数”: 从“GLfloat”转换到“int”，可能丢失数据
e:\workplace\3dsurround\visual studio\mixproject\mixproject\gl_support.cpp(334): warning C4244: “=”: 从“GLint”转换到“GLfloat”，可能丢失数据
e:\workplace\3dsurround\visual studio\mixproject\mixproject\gl_support.cpp(336): warning C4244: “=”: 从“GLint”转换到“GLfloat”，可能丢失数据
e:\workplace\3dsurround\visual studio\mixproject\mixproject\gl_support.cpp(337): warning C4244: “参数”: 从“GLfloat”转换到“int”，可能丢失数据
e:\workplace\3dsurround\visual studio\mixproject\mixproject\gl_support.cpp(341): warning C4244: “参数”: 从“GLint”转换到“GLfloat”，可能丢失数据
e:\workplace\3dsurround\visual studio\mixproject\mixproject\gl_support.cpp(343): warning C4244: “=”: 从“int”转换到“GLfloat”，可能丢失数据
e:\workplace\3dsurround\visual studio\mixproject\mixproject\gl_support.cpp(345): warning C4244: “=”: 从“GLint”转换到“GLfloat”，可能丢失数据
e:\workplace\3dsurround\visual studio\mixproject\mixproject\gl_support.cpp(346): warning C4244: “参数”: 从“GLfloat”转换到“int”，可能丢失数据
e:\workplace\3dsurround\visual studio\mixproject\mixproject\gl_support.cpp(351): warning C4244: “=”: 从“GLint”转换到“GLfloat”，可能丢失数据
e:\workplace\3dsurround\visual studio\mixproject\mixproject\gl_support.cpp(353): warning C4244: “=”: 从“GLint”转换到“GLfloat”，可能丢失数据
e:\workplace\3dsurround\visual studio\mixproject\mixproject\gl_support.cpp(354): warning C4244: “参数”: 从“GLfloat”转换到“int”，可能丢失数据
e:\workplace\3dsurround\visual studio\mixproject\mixproject\gl_support.cpp(388): warning C4244: “参数”: 从“int”转换到“GLfloat”，可能丢失数据
e:\workplace\3dsurround\visual studio\mixproject\mixproject\gl_support.cpp(391): warning C4244: “=”: 从“GLint”转换到“GLfloat”，可能丢失数据
e:\workplace\3dsurround\visual studio\mixproject\mixproject\gl_support.cpp(393): warning C4244: “=”: 从“int”转换到“GLfloat”，可能丢失数据
e:\workplace\3dsurround\visual studio\mixproject\mixproject\gl_support.cpp(394): warning C4244: “参数”: 从“GLfloat”转换到“int”，可能丢失数据
e:\workplace\3dsurround\visual studio\mixproject\mixproject\gl_support.cpp(399): warning C4244: “=”: 从“GLint”转换到“GLfloat”，可能丢失数据
e:\workplace\3dsurround\visual studio\mixproject\mixproject\gl_support.cpp(401): warning C4244: “=”: 从“GLint”转换到“GLfloat”，可能丢失数据
e:\workplace\3dsurround\visual studio\mixproject\mixproject\gl_support.cpp(402): warning C4244: “参数”: 从“GLfloat”转换到“int”，可能丢失数据
e:\workplace\3dsurround\visual studio\mixproject\mixproject\gl_support.cpp(406): warning C4244: “参数”: 从“GLint”转换到“GLfloat”，可能丢失数据
e:\workplace\3dsurround\visual studio\mixproject\mixproject\gl_support.cpp(408): warning C4244: “=”: 从“GLint”转换到“GLfloat”，可能丢失数据
e:\workplace\3dsurround\visual studio\mixproject\mixproject\gl_support.cpp(410): warning C4244: “=”: 从“int”转换到“GLfloat”，可能丢失数据
e:\workplace\3dsurround\visual studio\mixproject\mixproject\gl_support.cpp(411): warning C4244: “参数”: 从“GLfloat”转换到“int”，可能丢失数据
e:\workplace\3dsurround\visual studio\mixproject\mixproject\gl_support.cpp(416): warning C4244: “=”: 从“GLint”转换到“GLfloat”，可能丢失数据
e:\workplace\3dsurround\visual studio\mixproject\mixproject\gl_support.cpp(418): warning C4244: “=”: 从“GLint”转换到“GLfloat”，可能丢失数据
e:\workplace\3dsurround\visual studio\mixproject\mixproject\gl_support.cpp(419): warning C4244: “参数”: 从“GLfloat”转换到“int”，可能丢失数据
e:\workplace\3dsurround\visual studio\mixproject\mixproject\gl_support.cpp(453): warning C4244: “参数”: 从“int”转换到“GLfloat”，可能丢失数据
e:\workplace\3dsurround\visual studio\mixproject\mixproject\gl_support.cpp(456): warning C4244: “=”: 从“int”转换到“GLfloat”，可能丢失数据
e:\workplace\3dsurround\visual studio\mixproject\mixproject\gl_support.cpp(458): warning C4244: “=”: 从“GLint”转换到“GLfloat”，可能丢失数据
e:\workplace\3dsurround\visual studio\mixproject\mixproject\gl_support.cpp(459): warning C4244: “参数”: 从“GLfloat”转换到“int”，可能丢失数据
e:\workplace\3dsurround\visual studio\mixproject\mixproject\gl_support.cpp(464): warning C4244: “=”: 从“GLint”转换到“GLfloat”，可能丢失数据
e:\workplace\3dsurround\visual studio\mixproject\mixproject\gl_support.cpp(466): warning C4244: “=”: 从“GLint”转换到“GLfloat”，可能丢失数据
e:\workplace\3dsurround\visual studio\mixproject\mixproject\gl_support.cpp(467): warning C4244: “参数”: 从“GLfloat”转换到“int”，可能丢失数据
e:\workplace\3dsurround\visual studio\mixproject\mixproject\gl_support.cpp(471): warning C4244: “参数”: 从“GLint”转换到“GLfloat”，可能丢失数据
e:\workplace\3dsurround\visual studio\mixproject\mixproject\gl_support.cpp(473): warning C4244: “=”: 从“int”转换到“GLfloat”，可能丢失数据
e:\workplace\3dsurround\visual studio\mixproject\mixproject\gl_support.cpp(475): warning C4244: “=”: 从“GLint”转换到“GLfloat”，可能丢失数据
e:\workplace\3dsurround\visual studio\mixproject\mixproject\gl_support.cpp(476): warning C4244: “参数”: 从“GLfloat”转换到“int”，可能丢失数据
e:\workplace\3dsurround\visual studio\mixproject\mixproject\gl_support.cpp(481): warning C4244: “=”: 从“GLint”转换到“GLfloat”，可能丢失数据
e:\workplace\3dsurround\visual studio\mixproject\mixproject\gl_support.cpp(483): warning C4244: “=”: 从“GLint”转换到“GLfloat”，可能丢失数据
e:\workplace\3dsurround\visual studio\mixproject\mixproject\gl_support.cpp(484): warning C4244: “参数”: 从“GLfloat”转换到“int”，可能丢失数据
e:\workplace\3dsurround\visual studio\mixproject\mixproject\gl_support.cpp(518): warning C4244: “参数”: 从“int”转换到“GLfloat”，可能丢失数据
e:\workplace\3dsurround\visual studio\mixproject\mixproject\gl_support.cpp(521): warning C4244: “=”: 从“GLint”转换到“GLfloat”，可能丢失数据
e:\workplace\3dsurround\visual studio\mixproject\mixproject\gl_support.cpp(523): warning C4244: “=”: 从“int”转换到“GLfloat”，可能丢失数据
e:\workplace\3dsurround\visual studio\mixproject\mixproject\gl_support.cpp(524): warning C4244: “参数”: 从“GLfloat”转换到“int”，可能丢失数据
e:\workplace\3dsurround\visual studio\mixproject\mixproject\gl_support.cpp(529): warning C4244: “=”: 从“GLint”转换到“GLfloat”，可能丢失数据
e:\workplace\3dsurround\visual studio\mixproject\mixproject\gl_support.cpp(531): warning C4244: “=”: 从“GLint”转换到“GLfloat”，可能丢失数据
e:\workplace\3dsurround\visual studio\mixproject\mixproject\gl_support.cpp(532): warning C4244: “参数”: 从“GLfloat”转换到“int”，可能丢失数据
e:\workplace\3dsurround\visual studio\mixproject\mixproject\gl_support.cpp(536): warning C4244: “参数”: 从“GLint”转换到“GLfloat”，可能丢失数据
e:\workplace\3dsurround\visual studio\mixproject\mixproject\gl_support.cpp(538): warning C4244: “=”: 从“GLint”转换到“GLfloat”，可能丢失数据
e:\workplace\3dsurround\visual studio\mixproject\mixproject\gl_support.cpp(540): warning C4244: “=”: 从“int”转换到“GLfloat”，可能丢失数据
e:\workplace\3dsurround\visual studio\mixproject\mixproject\gl_support.cpp(541): warning C4244: “参数”: 从“GLfloat”转换到“int”，可能丢失数据
e:\workplace\3dsurround\visual studio\mixproject\mixproject\gl_support.cpp(546): warning C4244: “=”: 从“GLint”转换到“GLfloat”，可能丢失数据
e:\workplace\3dsurround\visual studio\mixproject\mixproject\gl_support.cpp(548): warning C4244: “=”: 从“GLint”转换到“GLfloat”，可能丢失数据
e:\workplace\3dsurround\visual studio\mixproject\mixproject\gl_support.cpp(549): warning C4244: “参数”: 从“GLfloat”转换到“int”，可能丢失数据
e:\workplace\3dsurround\visual studio\mixproject\mixproject\gl_support.cpp(589): warning C4244: “参数”: 从“int”转换到“GLfloat”，可能丢失数据
e:\workplace\3dsurround\visual studio\mixproject\mixproject\gl_support.cpp(590): warning C4244: “初始化”: 从“GLint”转换到“GLfloat”，可能丢失数据
e:\workplace\3dsurround\visual studio\mixproject\mixproject\gl_support.cpp(595): warning C4244: “参数”: 从“GLfloat”转换到“int”，可能丢失数据
e:\workplace\3dsurround\visual studio\mixproject\mixproject\gl_support.cpp(598): warning C4244: “参数”: 从“GLfloat”转换到“int”，可能丢失数据
e:\workplace\3dsurround\visual studio\mixproject\mixproject\gl_support.cpp(602): warning C4244: “=”: 从“int”转换到“GLfloat”，可能丢失数据
e:\workplace\3dsurround\visual studio\mixproject\mixproject\gl_support.cpp(606): warning C4244: “参数”: 从“GLfloat”转换到“int”，可能丢失数据
e:\workplace\3dsurround\visual studio\mixproject\mixproject\gl_support.cpp(609): warning C4244: “参数”: 从“GLfloat”转换到“int”，可能丢失数据
e:\workplace\3dsurround\visual studio\mixproject\mixproject\gl_support.cpp(613): warning C4244: “参数”: 从“GLint”转换到“GLfloat”，可能丢失数据
e:\workplace\3dsurround\visual studio\mixproject\mixproject\gl_support.cpp(615): warning C4244: “=”: 从“GLint”转换到“GLfloat”，可能丢失数据
e:\workplace\3dsurround\visual studio\mixproject\mixproject\gl_support.cpp(619): warning C4244: “参数”: 从“GLfloat”转换到“int”，可能丢失数据
e:\workplace\3dsurround\visual studio\mixproject\mixproject\gl_support.cpp(622): warning C4244: “参数”: 从“GLfloat”转换到“int”，可能丢失数据
e:\workplace\3dsurround\visual studio\mixproject\mixproject\gl_support.cpp(626): warning C4244: “=”: 从“int”转换到“GLfloat”，可能丢失数据
e:\workplace\3dsurround\visual studio\mixproject\mixproject\gl_support.cpp(630): warning C4244: “参数”: 从“GLfloat”转换到“int”，可能丢失数据
e:\workplace\3dsurround\visual studio\mixproject\mixproject\gl_support.cpp(633): warning C4244: “参数”: 从“GLfloat”转换到“int”，可能丢失数据
e:\workplace\3dsurround\visual studio\mixproject\mixproject\gl_support.cpp(664): warning C4244: “参数”: 从“int”转换到“GLfloat”，可能丢失数据
e:\workplace\3dsurround\visual studio\mixproject\mixproject\gl_support.cpp(665): warning C4244: “初始化”: 从“GLint”转换到“GLfloat”，可能丢失数据
e:\workplace\3dsurround\visual studio\mixproject\mixproject\gl_support.cpp(670): warning C4244: “参数”: 从“GLfloat”转换到“int”，可能丢失数据
e:\workplace\3dsurround\visual studio\mixproject\mixproject\gl_support.cpp(673): warning C4244: “参数”: 从“GLfloat”转换到“int”，可能丢失数据
e:\workplace\3dsurround\visual studio\mixproject\mixproject\gl_support.cpp(677): warning C4244: “=”: 从“int”转换到“GLfloat”，可能丢失数据
e:\workplace\3dsurround\visual studio\mixproject\mixproject\gl_support.cpp(681): warning C4244: “参数”: 从“GLfloat”转换到“int”，可能丢失数据
e:\workplace\3dsurround\visual studio\mixproject\mixproject\gl_support.cpp(684): warning C4244: “参数”: 从“GLfloat”转换到“int”，可能丢失数据
e:\workplace\3dsurround\visual studio\mixproject\mixproject\gl_support.cpp(688): warning C4244: “参数”: 从“GLint”转换到“GLfloat”，可能丢失数据
e:\workplace\3dsurround\visual studio\mixproject\mixproject\gl_support.cpp(690): warning C4244: “=”: 从“GLint”转换到“GLfloat”，可能丢失数据
e:\workplace\3dsurround\visual studio\mixproject\mixproject\gl_support.cpp(694): warning C4244: “参数”: 从“GLfloat”转换到“int”，可能丢失数据
e:\workplace\3dsurround\visual studio\mixproject\mixproject\gl_support.cpp(697): warning C4244: “参数”: 从“GLfloat”转换到“int”，可能丢失数据
e:\workplace\3dsurround\visual studio\mixproject\mixproject\gl_support.cpp(701): warning C4244: “=”: 从“int”转换到“GLfloat”，可能丢失数据
e:\workplace\3dsurround\visual studio\mixproject\mixproject\gl_support.cpp(705): warning C4244: “参数”: 从“GLfloat”转换到“int”，可能丢失数据
e:\workplace\3dsurround\visual studio\mixproject\mixproject\gl_support.cpp(708): warning C4244: “参数”: 从“GLfloat”转换到“int”，可能丢失数据
e:\workplace\3dsurround\visual studio\mixproject\mixproject\gl_support.cpp(739): warning C4244: “参数”: 从“int”转换到“GLfloat”，可能丢失数据
e:\workplace\3dsurround\visual studio\mixproject\mixproject\gl_support.cpp(740): warning C4244: “初始化”: 从“GLint”转换到“GLfloat”，可能丢失数据
e:\workplace\3dsurround\visual studio\mixproject\mixproject\gl_support.cpp(745): warning C4244: “参数”: 从“GLfloat”转换到“int”，可能丢失数据
e:\workplace\3dsurround\visual studio\mixproject\mixproject\gl_support.cpp(748): warning C4244: “参数”: 从“GLfloat”转换到“int”，可能丢失数据
e:\workplace\3dsurround\visual studio\mixproject\mixproject\gl_support.cpp(752): warning C4244: “=”: 从“int”转换到“GLfloat”，可能丢失数据
e:\workplace\3dsurround\visual studio\mixproject\mixproject\gl_support.cpp(756): warning C4244: “参数”: 从“GLfloat”转换到“int”，可能丢失数据
e:\workplace\3dsurround\visual studio\mixproject\mixproject\gl_support.cpp(759): warning C4244: “参数”: 从“GLfloat”转换到“int”，可能丢失数据
e:\workplace\3dsurround\visual studio\mixproject\mixproject\gl_support.cpp(763): warning C4244: “参数”: 从“GLint”转换到“GLfloat”，可能丢失数据
e:\workplace\3dsurround\visual studio\mixproject\mixproject\gl_support.cpp(765): warning C4244: “=”: 从“GLint”转换到“GLfloat”，可能丢失数据
e:\workplace\3dsurround\visual studio\mixproject\mixproject\gl_support.cpp(769): warning C4244: “参数”: 从“GLfloat”转换到“int”，可能丢失数据
e:\workplace\3dsurround\visual studio\mixproject\mixproject\gl_support.cpp(772): warning C4244: “参数”: 从“GLfloat”转换到“int”，可能丢失数据
e:\workplace\3dsurround\visual studio\mixproject\mixproject\gl_support.cpp(776): warning C4244: “=”: 从“int”转换到“GLfloat”，可能丢失数据
e:\workplace\3dsurround\visual studio\mixproject\mixproject\gl_support.cpp(780): warning C4244: “参数”: 从“GLfloat”转换到“int”，可能丢失数据
e:\workplace\3dsurround\visual studio\mixproject\mixproject\gl_support.cpp(783): warning C4244: “参数”: 从“GLfloat”转换到“int”，可能丢失数据
e:\workplace\3dsurround\visual studio\mixproject\mixproject\gl_support.cpp(814): warning C4244: “参数”: 从“int”转换到“GLfloat”，可能丢失数据
e:\workplace\3dsurround\visual studio\mixproject\mixproject\gl_support.cpp(815): warning C4244: “初始化”: 从“GLint”转换到“GLfloat”，可能丢失数据
e:\workplace\3dsurround\visual studio\mixproject\mixproject\gl_support.cpp(820): warning C4244: “参数”: 从“GLfloat”转换到“int”，可能丢失数据
e:\workplace\3dsurround\visual studio\mixproject\mixproject\gl_support.cpp(823): warning C4244: “参数”: 从“GLfloat”转换到“int”，可能丢失数据
e:\workplace\3dsurround\visual studio\mixproject\mixproject\gl_support.cpp(827): warning C4244: “=”: 从“int”转换到“GLfloat”，可能丢失数据
e:\workplace\3dsurround\visual studio\mixproject\mixproject\gl_support.cpp(831): warning C4244: “参数”: 从“GLfloat”转换到“int”，可能丢失数据
e:\workplace\3dsurround\visual studio\mixproject\mixproject\gl_support.cpp(834): warning C4244: “参数”: 从“GLfloat”转换到“int”，可能丢失数据
e:\workplace\3dsurround\visual studio\mixproject\mixproject\gl_support.cpp(838): warning C4244: “参数”: 从“GLint”转换到“GLfloat”，可能丢失数据
e:\workplace\3dsurround\visual studio\mixproject\mixproject\gl_support.cpp(840): warning C4244: “=”: 从“GLint”转换到“GLfloat”，可能丢失数据
e:\workplace\3dsurround\visual studio\mixproject\mixproject\gl_support.cpp(844): warning C4244: “参数”: 从“GLfloat”转换到“int”，可能丢失数据
e:\workplace\3dsurround\visual studio\mixproject\mixproject\gl_support.cpp(847): warning C4244: “参数”: 从“GLfloat”转换到“int”，可能丢失数据
e:\workplace\3dsurround\visual studio\mixproject\mixproject\gl_support.cpp(851): warning C4244: “=”: 从“int”转换到“GLfloat”，可能丢失数据
e:\workplace\3dsurround\visual studio\mixproject\mixproject\gl_support.cpp(855): warning C4244: “参数”: 从“GLfloat”转换到“int”，可能丢失数据
e:\workplace\3dsurround\visual studio\mixproject\mixproject\gl_support.cpp(858): warning C4244: “参数”: 从“GLfloat”转换到“int”，可能丢失数据
e:\workplace\3dsurround\visual studio\mixproject\mixproject\gl_support.cpp(1081): warning C4244: “初始化”: 从“double”转换到“GLfloat”，可能丢失数据
e:\workplace\3dsurround\visual studio\mixproject\mixproject\gl_support.cpp(1040): warning C4101: “widthPic”: 未引用的局部变量
e:\workplace\3dsurround\visual studio\mixproject\mixproject\gl_support.cpp(1040): warning C4101: “heightPic”: 未引用的局部变量
e:\workplace\3dsurround\visual studio\mixproject\mixproject\gl_support.cpp(1265): warning C4244: “=”: 从“double”转换到“T”，可能丢失数据
          with
          [
              T=float
          ]
e:\workplace\3dsurround\visual studio\mixproject\mixproject\gl_support.cpp(1266): warning C4244: “=”: 从“double”转换到“T”，可能丢失数据
          with
          [
              T=float
          ]
e:\workplace\3dsurround\visual studio\mixproject\mixproject\gl_support.cpp(1272): warning C4244: “=”: 从“double”转换到“GLfloat”，可能丢失数据
e:\workplace\3dsurround\visual studio\mixproject\mixproject\gl_support.cpp(1394): warning C4244: “初始化”: 从“double”转换到“GLfloat”，可能丢失数据
e:\workplace\3dsurround\visual studio\mixproject\mixproject\gl_support.cpp(1345): warning C4101: “texture_car”: 未引用的局部变量
e:\workplace\3dsurround\visual studio\mixproject\mixproject\gl_support.cpp(1614): warning C4244: “初始化”: 从“double”转换到“GLfloat”，可能丢失数据
e:\workplace\3dsurround\visual studio\mixproject\mixproject\gl_support.cpp(1552): warning C4101: “texture_car”: 未引用的局部变量
e:\workplace\3dsurround\visual studio\mixproject\mixproject\gl_support.cpp(1814): warning C4244: “=”: 从“int”转换到“GLfloat”，可能丢失数据
e:\workplace\3dsurround\visual studio\mixproject\mixproject\gl_support.cpp(1815): warning C4244: “=”: 从“int”转换到“GLfloat”，可能丢失数据
e:\workplace\3dsurround\visual studio\mixproject\mixproject\gl_support.cpp(1816): warning C4244: “=”: 从“double”转换到“GLfloat”，可能丢失数据
e:\workplace\3dsurround\visual studio\mixproject\mixproject\gl_support.cpp(1817): warning C4244: “参数”: 从“GLfloat”转换到“int”，可能丢失数据
e:\workplace\3dsurround\visual studio\mixproject\mixproject\gl_support.cpp(1821): warning C4244: “=”: 从“int”转换到“GLfloat”，可能丢失数据
e:\workplace\3dsurround\visual studio\mixproject\mixproject\gl_support.cpp(1822): warning C4244: “=”: 从“int”转换到“GLfloat”，可能丢失数据
e:\workplace\3dsurround\visual studio\mixproject\mixproject\gl_support.cpp(1823): warning C4244: “=”: 从“int”转换到“GLfloat”，可能丢失数据
e:\workplace\3dsurround\visual studio\mixproject\mixproject\gl_support.cpp(1824): warning C4244: “参数”: 从“GLfloat”转换到“int”，可能丢失数据
e:\workplace\3dsurround\visual studio\mixproject\mixproject\gl_support.cpp(1829): warning C4244: “=”: 从“int”转换到“GLfloat”，可能丢失数据
e:\workplace\3dsurround\visual studio\mixproject\mixproject\gl_support.cpp(1830): warning C4244: “=”: 从“int”转换到“GLfloat”，可能丢失数据
e:\workplace\3dsurround\visual studio\mixproject\mixproject\gl_support.cpp(1831): warning C4244: “=”: 从“int”转换到“GLfloat”，可能丢失数据
e:\workplace\3dsurround\visual studio\mixproject\mixproject\gl_support.cpp(1832): warning C4244: “参数”: 从“GLfloat”转换到“int”，可能丢失数据
e:\workplace\3dsurround\visual studio\mixproject\mixproject\gl_support.cpp(1836): warning C4244: “=”: 从“int”转换到“GLfloat”，可能丢失数据
e:\workplace\3dsurround\visual studio\mixproject\mixproject\gl_support.cpp(1837): warning C4244: “=”: 从“int”转换到“GLfloat”，可能丢失数据
e:\workplace\3dsurround\visual studio\mixproject\mixproject\gl_support.cpp(1838): warning C4244: “=”: 从“int”转换到“GLfloat”，可能丢失数据
e:\workplace\3dsurround\visual studio\mixproject\mixproject\gl_support.cpp(1839): warning C4244: “参数”: 从“GLfloat”转换到“int”，可能丢失数据
e:\workplace\3dsurround\visual studio\mixproject\mixproject\gl_support.cpp(1904): warning C4244: “初始化”: 从“double”转换到“GLfloat”，可能丢失数据
LINK : warning LNK4098: 默认库“LIBCMT”与其他库的使用冲突；请使用 /NODEFAULTLIB:library
Mesh.obj : warning LNK4049: 已导入本地定义的符号 __glewActiveTexture
Mesh.obj : warning LNK4049: 已导入本地定义的符号 __glewBindBuffer
Mesh.obj : warning LNK4049: 已导入本地定义的符号 __glewBufferData
Mesh.obj : warning LNK4049: 已导入本地定义的符号 __glewGenBuffers
Mesh.obj : warning LNK4049: 已导入本地定义的符号 __glewEnableVertexAttribArray
Mesh.obj : warning LNK4049: 已导入本地定义的符号 __glewGetUniformLocation
Mesh.obj : warning LNK4049: 已导入本地定义的符号 __glewUniform1i
Mesh.obj : warning LNK4049: 已导入本地定义的符号 __glewVertexAttribPointer
Mesh.obj : warning LNK4049: 已导入本地定义的符号 __glewBindVertexArray
Mesh.obj : warning LNK4049: 已导入本地定义的符号 __glewGenVertexArrays
Model.obj : warning LNK4049: 已导入本地定义的符号 __glewGenerateMipmap
Shader.obj : warning LNK4049: 已导入本地定义的符号 __glewAttachShader
Shader.obj : warning LNK4049: 已导入本地定义的符号 __glewCompileShader
Shader.obj : warning LNK4049: 已导入本地定义的符号 __glewCreateProgram
Shader.obj : warning LNK4049: 已导入本地定义的符号 __glewCreateShader
Shader.obj : warning LNK4049: 已导入本地定义的符号 __glewDeleteShader
Shader.obj : warning LNK4049: 已导入本地定义的符号 __glewGetShaderInfoLog
Shader.obj : warning LNK4049: 已导入本地定义的符号 __glewGetShaderiv
Shader.obj : warning LNK4049: 已导入本地定义的符号 __glewLinkProgram
Shader.obj : warning LNK4049: 已导入本地定义的符号 __glewShaderSource
Shader.obj : warning LNK4049: 已导入本地定义的符号 __glewUseProgram
glew32s.lib(glew.obj) : warning LNK4099: 未找到 PDB“vc120.pdb”(使用“glew32s.lib(glew.obj)”或在“E:\WORKPLACE\3DSurround\visual studio\MixProject\x64\Debug\vc120.pdb”中寻找)；正在链接对象，如同没有调试信息一样
  MixProject.vcxproj -> E:\WORKPLACE\3DSurround\visual studio\MixProject\x64\Debug\MixProject.exe
